<?xml version="1.0" encoding="UTF-8"?>
<!-- Generated by org.testng.reporters.JUnitXMLReporter -->
<testsuite hostname="zeta" name="Default test" tests="5" failures="0" timestamp="17 Oct 2018 23:00:08 GMT" time="5.478" errors="0">
  <testcase name="testSort" time="1.113" classname="org.example.ine5410.MergeSortTest"/>
  <testcase name="testSort" time="0.903" classname="org.example.ine5410.MergeSortTest"/>
  <testcase name="testSort" time="0.723" classname="org.example.ine5410.MergeSortTest"/>
  <testcase name="testSort" time="0.685" classname="org.example.ine5410.MergeSortTest"/>
  <testcase name="testSpeed" time="2.013" classname="org.example.ine5410.MergeSortTest"/>
</testsuite> <!-- Default test -->
